This is XeTeX, Version 3.14159265-2.6-0.999992 (MiKTeX 20.12) (preloaded format=xelatex 2021.3.14)  1 APR 2021 12:18
entering extended mode
**./personal-bookdown.tex
(personal-bookdown.tex
LaTeX2e <2020-10-01> patch level 4
L3 programming layer <2021-02-18> xparse <2020-03-03>

! LaTeX Error: File `krantz.cls' not found.

Type X to quit or <RETURN> to proceed,
or enter new name. (Default extension: cls)

Enter file name: 
! Emergency stop.
<read *> 
         
l.9 \usepackage
               {amsmath,amssymb}^^M 
Here is how much of TeX's memory you used:
 24 strings out of 411735
 442 string characters out of 2837057
 295724 words of memory out of 3000000
 20095 multiletter control sequences out of 15000+200000
 403430 words of font info for 27 fonts, out of 3000000 for 9000
 1348 hyphenation exceptions out of 8191
 32i,0n,39p,119b,13s stack positions out of 5000i,500n,10000p,200000b,50000s

No pages of output.
